
                                      ARENA Simulation Results
                                      iit - License: 2957000990

                                  Summary for Replication 1 of 20

Project: Unnamed Project                                             Run execution date : 1/18/2019
Analyst: iit                                                         Model revision date: 1/18/2019

Replication ended at time      : 2500.0 Hours 
Base Time Units: Hours

                                           TALLY VARIABLES

Identifier                                  Average   Half Width  Minimum    Maximum   Observations
___________________________________________________________________________________________________

Entity 1.VATime                             .65721     (Insuf)    .12916     1.5883        100    
Entity 1.NVATime                            .00000     (Insuf)    .00000     .00000        100    
Entity 1.WaitTime                           .35971     (Insuf)    .00000     1.5807        100    
Entity 1.TranTime                           .00000     (Insuf)    .00000     .00000        100    
Entity 1.OtherTime                          .00000     (Insuf)    .00000     .00000        100    
Entity 1.TotalTime                          1.0169     (Insuf)    .12916     2.6997        100    
Milling.Queue.WaitingTime                   .00120     (Insuf)    .00000     .11313        100    
Surface Finsih.Queue.WaitingTime            .00518     (Insuf)    .00000     .19945        100    
Grinding.Queue.WaitingTime                  .00000     (Insuf)    .00000     .00000        100    
Lathe.Queue.WaitingTime                     .35332     (Insuf)    .00000     1.5807        100    

                                     DISCRETE-CHANGE VARIABLES

Identifier                                  Average   Half Width  Minimum    Maximum   Final Value
___________________________________________________________________________________________________

Entity 1.WIP                                .04068     (Insuf)    .00000     10.000     .00000    
Milling Machine.NumberBusy                  .00458     (Insuf)    .00000     2.0000     .00000    
Milling Machine.NumberScheduled             2.0000     (Insuf)    2.0000     2.0000     2.0000    
Milling Machine.Utilization                 .00229     (Insuf)    .00000     1.0000     .00000    
Surface Finishing Machine.NumberBusy        .00638     (Insuf)    .00000     2.0000     .00000    
Surface Finishing Machine.NumberScheduled   2.0000     (Insuf)    2.0000     2.0000     2.0000    
Surface Finishing Machine.Utilization       .00319     (Insuf)    .00000     1.0000     .00000    
Lathe Machine.NumberBusy                    .00892     (Insuf)    .00000     1.0000     .00000    
Lathe Machine.NumberScheduled               1.0000     (Insuf)    1.0000     1.0000     1.0000    
Lathe Machine.Utilization                   .00892     (Insuf)    .00000     1.0000     .00000    
Grinding Machine.NumberBusy                 .00641     (Insuf)    .00000     3.0000     .00000    
Grinding Machine.NumberScheduled            3.0000     (Insuf)    3.0000     3.0000     3.0000    
Grinding Machine.Utilization                .00214     (Insuf)    .00000     1.0000     .00000    
Milling.Queue.NumberInQueue                 4.8043E-05 (Insuf)    .00000     1.0000     .00000    
Surface Finsih.Queue.NumberInQueue          2.0729E-04 (Insuf)    .00000     1.0000     .00000    
Grinding.Queue.NumberInQueue                .00000     (Insuf)    .00000     .00000     .00000    
Lathe.Queue.NumberInQueue                   .01413     (Insuf)    .00000     7.0000     .00000    

                                             OUTPUTS

Identifier                                   Value
_____________________________________________________________

Entity 1.NumberIn                           100.00    
Entity 1.NumberOut                          100.00    
Milling Machine.NumberSeized                100.00    
Milling Machine.ScheduledUtilization        .00229    
Surface Finishing Machine.NumberSeized      100.00    
Surface Finishing Machine.ScheduledUtiliza  .00319    
Lathe Machine.NumberSeized                  100.00    
Lathe Machine.ScheduledUtilization          .00892    
Grinding Machine.NumberSeized               100.00    
Grinding Machine.ScheduledUtilization       .00214    
System.NumberOut                            100.00    

Beginning replication 2 of 20

                                      ARENA Simulation Results
                                      iit - License: 2957000990

                                  Summary for Replication 2 of 20

Project: Unnamed Project                                             Run execution date : 1/18/2019
Analyst: iit                                                         Model revision date: 1/18/2019

Replication ended at time      : 2500.0 Hours 
Base Time Units: Hours

                                           TALLY VARIABLES

Identifier                                  Average   Half Width  Minimum    Maximum   Observations
___________________________________________________________________________________________________

Entity 1.VATime                             .58989     (Insuf)    .15484     1.5400        100    
Entity 1.NVATime                            .00000     (Insuf)    .00000     .00000        100    
Entity 1.WaitTime                           .07443     (Insuf)    .00000     .57180        100    
Entity 1.TranTime                           .00000     (Insuf)    .00000     .00000        100    
Entity 1.OtherTime                          .00000     (Insuf)    .00000     .00000        100    
Entity 1.TotalTime                          .66431     (Insuf)    .17530     1.8544        100    
Milling.Queue.WaitingTime                   2.8805E-04 (Insuf)    .00000     .02880        100    
Surface Finsih.Queue.WaitingTime            .00670     (Insuf)    .00000     .20198        100    
Grinding.Queue.WaitingTime                  7.9954E-04 (Insuf)    .00000     .05950        100    
Lathe.Queue.WaitingTime                     .06664     (Insuf)    .00000     .57180        100    

                                     DISCRETE-CHANGE VARIABLES

Identifier                                  Average   Half Width  Minimum    Maximum   Final Value
___________________________________________________________________________________________________

Entity 1.WIP                                .02657     (Insuf)    .00000     6.0000     .00000    
Milling Machine.NumberBusy                  .00383     (Insuf)    .00000     2.0000     .00000    
Milling Machine.NumberScheduled             2.0000     (Insuf)    2.0000     2.0000     2.0000    
Milling Machine.Utilization                 .00191     (Insuf)    .00000     1.0000     .00000    
Surface Finishing Machine.NumberBusy        .00650     (Insuf)    .00000     2.0000     .00000    
Surface Finishing Machine.NumberScheduled   2.0000     (Insuf)    2.0000     2.0000     2.0000    
Surface Finishing Machine.Utilization       .00325     (Insuf)    .00000     1.0000     .00000    
Lathe Machine.NumberBusy                    .00655     (Insuf)    .00000     1.0000     .00000    
Lathe Machine.NumberScheduled               1.0000     (Insuf)    1.0000     1.0000     1.0000    
Lathe Machine.Utilization                   .00655     (Insuf)    .00000     1.0000     .00000    
Grinding Machine.NumberBusy                 .00671     (Insuf)    .00000     3.0000     .00000    
Grinding Machine.NumberScheduled            3.0000     (Insuf)    3.0000     3.0000     3.0000    
Grinding Machine.Utilization                .00224     (Insuf)    .00000     1.0000     .00000    
Milling.Queue.NumberInQueue                 1.1522E-05 (Insuf)    .00000     1.0000     .00000    
Surface Finsih.Queue.NumberInQueue          2.6792E-04 (Insuf)    .00000     2.0000     .00000    
Grinding.Queue.NumberInQueue                3.1981E-05 (Insuf)    .00000     1.0000     .00000    
Lathe.Queue.NumberInQueue                   .00267     (Insuf)    .00000     2.0000     .00000    

                                             OUTPUTS

Identifier                                   Value
_____________________________________________________________

Entity 1.NumberIn                           100.00    
Entity 1.NumberOut                          100.00    
Milling Machine.NumberSeized                100.00    
Milling Machine.ScheduledUtilization        .00191    
Surface Finishing Machine.NumberSeized      100.00    
Surface Finishing Machine.ScheduledUtiliza  .00325    
Lathe Machine.NumberSeized                  100.00    
Lathe Machine.ScheduledUtilization          .00655    
Grinding Machine.NumberSeized               100.00    
Grinding Machine.ScheduledUtilization       .00224    
System.NumberOut                            100.00    

Beginning replication 3 of 20

                                      ARENA Simulation Results
                                      iit - License: 2957000990

                                  Summary for Replication 3 of 20

Project: Unnamed Project                                             Run execution date : 1/18/2019
Analyst: iit                                                         Model revision date: 1/18/2019

Replication ended at time      : 2500.0 Hours 
Base Time Units: Hours

                                           TALLY VARIABLES

Identifier                                  Average   Half Width  Minimum    Maximum   Observations
___________________________________________________________________________________________________

Entity 1.VATime                             .59415     (Insuf)    .04764     1.7035        100    
Entity 1.NVATime                            .00000     (Insuf)    .00000     .00000        100    
Entity 1.WaitTime                           .20187     (Insuf)    .00000     1.3163        100    
Entity 1.TranTime                           .00000     (Insuf)    .00000     .00000        100    
Entity 1.OtherTime                          .00000     (Insuf)    .00000     .00000        100    
Entity 1.TotalTime                          .79601     (Insuf)    .04764     2.2487        100    
Milling.Queue.WaitingTime                   8.5769E-04 (Insuf)    .00000     .06925        100    
Surface Finsih.Queue.WaitingTime            .00405     (Insuf)    .00000     .14420        100    
Grinding.Queue.WaitingTime                  .00000     (Insuf)    .00000     .00000        100    
Lathe.Queue.WaitingTime                     .19696     (Insuf)    .00000     1.3163        100    

                                     DISCRETE-CHANGE VARIABLES

Identifier                                  Average   Half Width  Minimum    Maximum   Final Value
___________________________________________________________________________________________________

Entity 1.WIP                                .03184     (Insuf)    .00000     8.0000     .00000    
Milling Machine.NumberBusy                  .00446     (Insuf)    .00000     2.0000     .00000    
Milling Machine.NumberScheduled             2.0000     (Insuf)    2.0000     2.0000     2.0000    
Milling Machine.Utilization                 .00223     (Insuf)    .00000     1.0000     .00000    
Surface Finishing Machine.NumberBusy        .00596     (Insuf)    .00000     2.0000     .00000    
Surface Finishing Machine.NumberScheduled   2.0000     (Insuf)    2.0000     2.0000     2.0000    
Surface Finishing Machine.Utilization       .00298     (Insuf)    .00000     1.0000     .00000    
Lathe Machine.NumberBusy                    .00782     (Insuf)    .00000     1.0000     .00000    
Lathe Machine.NumberScheduled               1.0000     (Insuf)    1.0000     1.0000     1.0000    
Lathe Machine.Utilization                   .00782     (Insuf)    .00000     1.0000     .00000    
Grinding Machine.NumberBusy                 .00552     (Insuf)    .00000     3.0000     .00000    
Grinding Machine.NumberScheduled            3.0000     (Insuf)    3.0000     3.0000     3.0000    
Grinding Machine.Utilization                .00184     (Insuf)    .00000     1.0000     .00000    
Milling.Queue.NumberInQueue                 3.4308E-05 (Insuf)    .00000     1.0000     .00000    
Surface Finsih.Queue.NumberInQueue          1.6197E-04 (Insuf)    .00000     2.0000     .00000    
Grinding.Queue.NumberInQueue                .00000     (Insuf)    .00000     .00000     .00000    
Lathe.Queue.NumberInQueue                   .00788     (Insuf)    .00000     6.0000     .00000    

                                             OUTPUTS

Identifier                                   Value
_____________________________________________________________

Entity 1.NumberIn                           100.00    
Entity 1.NumberOut                          100.00    
Milling Machine.NumberSeized                100.00    
Milling Machine.ScheduledUtilization        .00223    
Surface Finishing Machine.NumberSeized      100.00    
Surface Finishing Machine.ScheduledUtiliza  .00298    
Lathe Machine.NumberSeized                  100.00    
Lathe Machine.ScheduledUtilization          .00782    
Grinding Machine.NumberSeized               100.00    
Grinding Machine.ScheduledUtilization       .00184    
System.NumberOut                            100.00    

Beginning replication 4 of 20

                                      ARENA Simulation Results
                                      iit - License: 2957000990

                                  Summary for Replication 4 of 20

Project: Unnamed Project                                             Run execution date : 1/18/2019
Analyst: iit                                                         Model revision date: 1/18/2019

Replication ended at time      : 2500.0 Hours 
Base Time Units: Hours

                                           TALLY VARIABLES

Identifier                                  Average   Half Width  Minimum    Maximum   Observations
___________________________________________________________________________________________________

Entity 1.VATime                             .56981     (Insuf)    .14976     1.5184        100    
Entity 1.NVATime                            .00000     (Insuf)    .00000     .00000        100    
Entity 1.WaitTime                           .08888     (Insuf)    .00000     .80101        100    
Entity 1.TranTime                           .00000     (Insuf)    .00000     .00000        100    
Entity 1.OtherTime                          .00000     (Insuf)    .00000     .00000        100    
Entity 1.TotalTime                          .65869     (Insuf)    .14976     1.5690        100    
Milling.Queue.WaitingTime                   1.7056E-04 (Insuf)    .00000     .01661        100    
Surface Finsih.Queue.WaitingTime            .00000     (Insuf)    .00000     .00000        100    
Grinding.Queue.WaitingTime                  .00000     (Insuf)    .00000     .00000        100    
Lathe.Queue.WaitingTime                     .08871     (Insuf)    .00000     .80101        100    

                                     DISCRETE-CHANGE VARIABLES

Identifier                                  Average   Half Width  Minimum    Maximum   Final Value
___________________________________________________________________________________________________

Entity 1.WIP                                .02635     (Insuf)    .00000     5.0000     .00000    
Milling Machine.NumberBusy                  .00430     (Insuf)    .00000     2.0000     .00000    
Milling Machine.NumberScheduled             2.0000     (Insuf)    2.0000     2.0000     2.0000    
Milling Machine.Utilization                 .00215     (Insuf)    .00000     1.0000     .00000    
Surface Finishing Machine.NumberBusy        .00522     (Insuf)    .00000     2.0000     .00000    
Surface Finishing Machine.NumberScheduled   2.0000     (Insuf)    2.0000     2.0000     2.0000    
Surface Finishing Machine.Utilization       .00261     (Insuf)    .00000     1.0000     .00000    
Lathe Machine.NumberBusy                    .00796     (Insuf)    .00000     1.0000     .00000    
Lathe Machine.NumberScheduled               1.0000     (Insuf)    1.0000     1.0000     1.0000    
Lathe Machine.Utilization                   .00796     (Insuf)    .00000     1.0000     .00000    
Grinding Machine.NumberBusy                 .00531     (Insuf)    .00000     3.0000     .00000    
Grinding Machine.NumberScheduled            3.0000     (Insuf)    3.0000     3.0000     3.0000    
Grinding Machine.Utilization                .00177     (Insuf)    .00000     1.0000     .00000    
Milling.Queue.NumberInQueue                 6.8222E-06 (Insuf)    .00000     1.0000     .00000    
Surface Finsih.Queue.NumberInQueue          .00000     (Insuf)    .00000     .00000     .00000    
Grinding.Queue.NumberInQueue                .00000     (Insuf)    .00000     .00000     .00000    
Lathe.Queue.NumberInQueue                   .00355     (Insuf)    .00000     3.0000     .00000    

                                             OUTPUTS

Identifier                                   Value
_____________________________________________________________

Entity 1.NumberIn                           100.00    
Entity 1.NumberOut                          100.00    
Milling Machine.NumberSeized                100.00    
Milling Machine.ScheduledUtilization        .00215    
Surface Finishing Machine.NumberSeized      100.00    
Surface Finishing Machine.ScheduledUtiliza  .00261    
Lathe Machine.NumberSeized                  100.00    
Lathe Machine.ScheduledUtilization          .00796    
Grinding Machine.NumberSeized               100.00    
Grinding Machine.ScheduledUtilization       .00177    
System.NumberOut                            100.00    

Beginning replication 5 of 20

                                      ARENA Simulation Results
                                      iit - License: 2957000990

                                  Summary for Replication 5 of 20

Project: Unnamed Project                                             Run execution date : 1/18/2019
Analyst: iit                                                         Model revision date: 1/18/2019

Replication ended at time      : 2500.0 Hours 
Base Time Units: Hours

                                           TALLY VARIABLES

Identifier                                  Average   Half Width  Minimum    Maximum   Observations
___________________________________________________________________________________________________

Entity 1.VATime                             .55141     (Insuf)    .13403     2.0280        100    
Entity 1.NVATime                            .00000     (Insuf)    .00000     .00000        100    
Entity 1.WaitTime                           .06745     (Insuf)    .00000     1.0380        100    
Entity 1.TranTime                           .00000     (Insuf)    .00000     .00000        100    
Entity 1.OtherTime                          .00000     (Insuf)    .00000     .00000        100    
Entity 1.TotalTime                          .61886     (Insuf)    .13403     2.0362        100    
Milling.Queue.WaitingTime                   6.1210E-05 (Insuf)    .00000     .00437        100    
Surface Finsih.Queue.WaitingTime            .00316     (Insuf)    .00000     .17153        100    
Grinding.Queue.WaitingTime                  .00000     (Insuf)    .00000     .00000        100    
Lathe.Queue.WaitingTime                     .06423     (Insuf)    .00000     1.0380        100    

                                     DISCRETE-CHANGE VARIABLES

Identifier                                  Average   Half Width  Minimum    Maximum   Final Value
___________________________________________________________________________________________________

Entity 1.WIP                                .02475     (Insuf)    .00000     6.0000     .00000    
Milling Machine.NumberBusy                  .00373     (Insuf)    .00000     2.0000     .00000    
Milling Machine.NumberScheduled             2.0000     (Insuf)    2.0000     2.0000     2.0000    
Milling Machine.Utilization                 .00186     (Insuf)    .00000     1.0000     .00000    
Surface Finishing Machine.NumberBusy        .00596     (Insuf)    .00000     2.0000     .00000    
Surface Finishing Machine.NumberScheduled   2.0000     (Insuf)    2.0000     2.0000     2.0000    
Surface Finishing Machine.Utilization       .00298     (Insuf)    .00000     1.0000     .00000    
Lathe Machine.NumberBusy                    .00725     (Insuf)    .00000     1.0000     .00000    
Lathe Machine.NumberScheduled               1.0000     (Insuf)    1.0000     1.0000     1.0000    
Lathe Machine.Utilization                   .00725     (Insuf)    .00000     1.0000     .00000    
Grinding Machine.NumberBusy                 .00513     (Insuf)    .00000     3.0000     .00000    
Grinding Machine.NumberScheduled            3.0000     (Insuf)    3.0000     3.0000     3.0000    
Grinding Machine.Utilization                .00171     (Insuf)    .00000     1.0000     .00000    
Milling.Queue.NumberInQueue                 2.4484E-06 (Insuf)    .00000     1.0000     .00000    
Surface Finsih.Queue.NumberInQueue          1.2639E-04 (Insuf)    .00000     2.0000     .00000    
Grinding.Queue.NumberInQueue                .00000     (Insuf)    .00000     .00000     .00000    
Lathe.Queue.NumberInQueue                   .00257     (Insuf)    .00000     2.0000     .00000    

                                             OUTPUTS

Identifier                                   Value
_____________________________________________________________

Entity 1.NumberIn                           100.00    
Entity 1.NumberOut                          100.00    
Milling Machine.NumberSeized                100.00    
Milling Machine.ScheduledUtilization        .00186    
Surface Finishing Machine.NumberSeized      100.00    
Surface Finishing Machine.ScheduledUtiliza  .00298    
Lathe Machine.NumberSeized                  100.00    
Lathe Machine.ScheduledUtilization          .00725    
Grinding Machine.NumberSeized               100.00    
Grinding Machine.ScheduledUtilization       .00171    
System.NumberOut                            100.00    

Beginning replication 6 of 20

                                      ARENA Simulation Results
                                      iit - License: 2957000990

                                  Summary for Replication 6 of 20

Project: Unnamed Project                                             Run execution date : 1/18/2019
Analyst: iit                                                         Model revision date: 1/18/2019

Replication ended at time      : 2500.0 Hours 
Base Time Units: Hours

                                           TALLY VARIABLES

Identifier                                  Average   Half Width  Minimum    Maximum   Observations
___________________________________________________________________________________________________

Entity 1.VATime                             .56876     (Insuf)    .07494     1.4628        100    
Entity 1.NVATime                            .00000     (Insuf)    .00000     .00000        100    
Entity 1.WaitTime                           .10112     (Insuf)    .00000     .64764        100    
Entity 1.TranTime                           .00000     (Insuf)    .00000     .00000        100    
Entity 1.OtherTime                          .00000     (Insuf)    .00000     .00000        100    
Entity 1.TotalTime                          .66988     (Insuf)    .11567     1.9892        100    
Milling.Queue.WaitingTime                   8.4589E-05 (Insuf)    .00000     .00846        100    
Surface Finsih.Queue.WaitingTime            .01162     (Insuf)    .00000     .41431        100    
Grinding.Queue.WaitingTime                  1.3725E-04 (Insuf)    .00000     .01373        100    
Lathe.Queue.WaitingTime                     .08928     (Insuf)    .00000     .64764        100    

                                     DISCRETE-CHANGE VARIABLES

Identifier                                  Average   Half Width  Minimum    Maximum   Final Value
___________________________________________________________________________________________________

Entity 1.WIP                                .02680     (Insuf)    .00000     6.0000     .00000    
Milling Machine.NumberBusy                  .00335     (Insuf)    .00000     2.0000     .00000    
Milling Machine.NumberScheduled             2.0000     (Insuf)    2.0000     2.0000     2.0000    
Milling Machine.Utilization                 .00168     (Insuf)    .00000     1.0000     .00000    
Surface Finishing Machine.NumberBusy        .00702     (Insuf)    .00000     2.0000     .00000    
Surface Finishing Machine.NumberScheduled   2.0000     (Insuf)    2.0000     2.0000     2.0000    
Surface Finishing Machine.Utilization       .00351     (Insuf)    .00000     1.0000     .00000    
Lathe Machine.NumberBusy                    .00704     (Insuf)    .00000     1.0000     .00000    
Lathe Machine.NumberScheduled               1.0000     (Insuf)    1.0000     1.0000     1.0000    
Lathe Machine.Utilization                   .00704     (Insuf)    .00000     1.0000     .00000    
Grinding Machine.NumberBusy                 .00533     (Insuf)    .00000     3.0000     .00000    
Grinding Machine.NumberScheduled            3.0000     (Insuf)    3.0000     3.0000     3.0000    
Grinding Machine.Utilization                .00178     (Insuf)    .00000     1.0000     .00000    
Milling.Queue.NumberInQueue                 3.3836E-06 (Insuf)    .00000     1.0000     .00000    
Surface Finsih.Queue.NumberInQueue          4.6487E-04 (Insuf)    .00000     3.0000     .00000    
Grinding.Queue.NumberInQueue                5.4901E-06 (Insuf)    .00000     1.0000     .00000    
Lathe.Queue.NumberInQueue                   .00357     (Insuf)    .00000     4.0000     .00000    

                                             OUTPUTS

Identifier                                   Value
_____________________________________________________________

Entity 1.NumberIn                           100.00    
Entity 1.NumberOut                          100.00    
Milling Machine.NumberSeized                100.00    
Milling Machine.ScheduledUtilization        .00168    
Surface Finishing Machine.NumberSeized      100.00    
Surface Finishing Machine.ScheduledUtiliza  .00351    
Lathe Machine.NumberSeized                  100.00    
Lathe Machine.ScheduledUtilization          .00704    
Grinding Machine.NumberSeized               100.00    
Grinding Machine.ScheduledUtilization       .00178    
System.NumberOut                            100.00    

Beginning replication 7 of 20

                                      ARENA Simulation Results
                                      iit - License: 2957000990

                                  Summary for Replication 7 of 20

Project: Unnamed Project                                             Run execution date : 1/18/2019
Analyst: iit                                                         Model revision date: 1/18/2019

Replication ended at time      : 2500.0 Hours 
Base Time Units: Hours

                                           TALLY VARIABLES

Identifier                                  Average   Half Width  Minimum    Maximum   Observations
___________________________________________________________________________________________________

Entity 1.VATime                             .65081     (Insuf)    .14682     1.6104        100    
Entity 1.NVATime                            .00000     (Insuf)    .00000     .00000        100    
Entity 1.WaitTime                           .13053     (Insuf)    .00000     .95072        100    
Entity 1.TranTime                           .00000     (Insuf)    .00000     .00000        100    
Entity 1.OtherTime                          .00000     (Insuf)    .00000     .00000        100    
Entity 1.TotalTime                          .78135     (Insuf)    .14682     2.0253        100    
Milling.Queue.WaitingTime                   .00000     (Insuf)    .00000     .00000        100    
Surface Finsih.Queue.WaitingTime            .00867     (Insuf)    .00000     .30168        100    
Grinding.Queue.WaitingTime                  5.2887E-04 (Insuf)    .00000     .05289        100    
Lathe.Queue.WaitingTime                     .12133     (Insuf)    .00000     .83583        100    

                                     DISCRETE-CHANGE VARIABLES

Identifier                                  Average   Half Width  Minimum    Maximum   Final Value
___________________________________________________________________________________________________

Entity 1.WIP                                .03125     (Insuf)    .00000     8.0000     .00000    
Milling Machine.NumberBusy                  .00424     (Insuf)    .00000     2.0000     .00000    
Milling Machine.NumberScheduled             2.0000     (Insuf)    2.0000     2.0000     2.0000    
Milling Machine.Utilization                 .00212     (Insuf)    .00000     1.0000     .00000    
Surface Finishing Machine.NumberBusy        .00696     (Insuf)    .00000     2.0000     .00000    
Surface Finishing Machine.NumberScheduled   2.0000     (Insuf)    2.0000     2.0000     2.0000    
Surface Finishing Machine.Utilization       .00348     (Insuf)    .00000     1.0000     .00000    
Lathe Machine.NumberBusy                    .00793     (Insuf)    .00000     1.0000     .00000    
Lathe Machine.NumberScheduled               1.0000     (Insuf)    1.0000     1.0000     1.0000    
Lathe Machine.Utilization                   .00793     (Insuf)    .00000     1.0000     .00000    
Grinding Machine.NumberBusy                 .00691     (Insuf)    .00000     3.0000     .00000    
Grinding Machine.NumberScheduled            3.0000     (Insuf)    3.0000     3.0000     3.0000    
Grinding Machine.Utilization                .00230     (Insuf)    .00000     1.0000     .00000    
Milling.Queue.NumberInQueue                 .00000     (Insuf)    .00000     .00000     .00000    
Surface Finsih.Queue.NumberInQueue          3.4691E-04 (Insuf)    .00000     3.0000     .00000    
Grinding.Queue.NumberInQueue                2.1155E-05 (Insuf)    .00000     1.0000     .00000    
Lathe.Queue.NumberInQueue                   .00485     (Insuf)    .00000     4.0000     .00000    

                                             OUTPUTS

Identifier                                   Value
_____________________________________________________________

Entity 1.NumberIn                           100.00    
Entity 1.NumberOut                          100.00    
Milling Machine.NumberSeized                100.00    
Milling Machine.ScheduledUtilization        .00212    
Surface Finishing Machine.NumberSeized      100.00    
Surface Finishing Machine.ScheduledUtiliza  .00348    
Lathe Machine.NumberSeized                  100.00    
Lathe Machine.ScheduledUtilization          .00793    
Grinding Machine.NumberSeized               100.00    
Grinding Machine.ScheduledUtilization       .00230    
System.NumberOut                            100.00    

Beginning replication 8 of 20

                                      ARENA Simulation Results
                                      iit - License: 2957000990

                                  Summary for Replication 8 of 20

Project: Unnamed Project                                             Run execution date : 1/18/2019
Analyst: iit                                                         Model revision date: 1/18/2019

Replication ended at time      : 2500.0 Hours 
Base Time Units: Hours

                                           TALLY VARIABLES

Identifier                                  Average   Half Width  Minimum    Maximum   Observations
___________________________________________________________________________________________________

Entity 1.VATime                             .64056     (Insuf)    .10555     1.5054        100    
Entity 1.NVATime                            .00000     (Insuf)    .00000     .00000        100    
Entity 1.WaitTime                           .13632     (Insuf)    .00000     1.0216        100    
Entity 1.TranTime                           .00000     (Insuf)    .00000     .00000        100    
Entity 1.OtherTime                          .00000     (Insuf)    .00000     .00000        100    
Entity 1.TotalTime                          .77688     (Insuf)    .12916     2.1917        100    
Milling.Queue.WaitingTime                   .00000     (Insuf)    .00000     .00000        100    
Surface Finsih.Queue.WaitingTime            3.6950E-04 (Insuf)    .00000     .02153        100    
Grinding.Queue.WaitingTime                  .00000     (Insuf)    .00000     .00000        100    
Lathe.Queue.WaitingTime                     .13595     (Insuf)    .00000     1.0216        100    

                                     DISCRETE-CHANGE VARIABLES

Identifier                                  Average   Half Width  Minimum    Maximum   Final Value
___________________________________________________________________________________________________

Entity 1.WIP                                .03108     (Insuf)    .00000     7.0000     .00000    
Milling Machine.NumberBusy                  .00419     (Insuf)    .00000     2.0000     .00000    
Milling Machine.NumberScheduled             2.0000     (Insuf)    2.0000     2.0000     2.0000    
Milling Machine.Utilization                 .00209     (Insuf)    .00000     1.0000     .00000    
Surface Finishing Machine.NumberBusy        .00620     (Insuf)    .00000     2.0000     .00000    
Surface Finishing Machine.NumberScheduled   2.0000     (Insuf)    2.0000     2.0000     2.0000    
Surface Finishing Machine.Utilization       .00310     (Insuf)    .00000     1.0000     .00000    
Lathe Machine.NumberBusy                    .00977     (Insuf)    .00000     1.0000     .00000    
Lathe Machine.NumberScheduled               1.0000     (Insuf)    1.0000     1.0000     1.0000    
Lathe Machine.Utilization                   .00977     (Insuf)    .00000     1.0000     .00000    
Grinding Machine.NumberBusy                 .00547     (Insuf)    .00000     2.0000     .00000    
Grinding Machine.NumberScheduled            3.0000     (Insuf)    3.0000     3.0000     3.0000    
Grinding Machine.Utilization                .00182     (Insuf)    .00000     .66667     .00000    
Milling.Queue.NumberInQueue                 .00000     (Insuf)    .00000     .00000     .00000    
Surface Finsih.Queue.NumberInQueue          1.4780E-05 (Insuf)    .00000     1.0000     .00000    
Grinding.Queue.NumberInQueue                .00000     (Insuf)    .00000     .00000     .00000    
Lathe.Queue.NumberInQueue                   .00544     (Insuf)    .00000     4.0000     .00000    

                                             OUTPUTS

Identifier                                   Value
_____________________________________________________________

Entity 1.NumberIn                           100.00    
Entity 1.NumberOut                          100.00    
Milling Machine.NumberSeized                100.00    
Milling Machine.ScheduledUtilization        .00209    
Surface Finishing Machine.NumberSeized      100.00    
Surface Finishing Machine.ScheduledUtiliza  .00310    
Lathe Machine.NumberSeized                  100.00    
Lathe Machine.ScheduledUtilization          .00977    
Grinding Machine.NumberSeized               100.00    
Grinding Machine.ScheduledUtilization       .00182    
System.NumberOut                            100.00    

Beginning replication 9 of 20

                                      ARENA Simulation Results
                                      iit - License: 2957000990

                                  Summary for Replication 9 of 20

Project: Unnamed Project                                             Run execution date : 1/18/2019
Analyst: iit                                                         Model revision date: 1/18/2019

Replication ended at time      : 2500.0 Hours 
Base Time Units: Hours

                                           TALLY VARIABLES

Identifier                                  Average   Half Width  Minimum    Maximum   Observations
___________________________________________________________________________________________________

Entity 1.VATime                             .56633     (Insuf)    .13297     1.5461        100    
Entity 1.NVATime                            .00000     (Insuf)    .00000     .00000        100    
Entity 1.WaitTime                           .11518     (Insuf)    .00000     .71340        100    
Entity 1.TranTime                           .00000     (Insuf)    .00000     .00000        100    
Entity 1.OtherTime                          .00000     (Insuf)    .00000     .00000        100    
Entity 1.TotalTime                          .68150     (Insuf)    .13297     1.6305        100    
Milling.Queue.WaitingTime                   2.1300E-04 (Insuf)    .00000     .01639        100    
Surface Finsih.Queue.WaitingTime            .00506     (Insuf)    .00000     .18045        100    
Grinding.Queue.WaitingTime                  .00000     (Insuf)    .00000     .00000        100    
Lathe.Queue.WaitingTime                     .10991     (Insuf)    .00000     .71340        100    

                                     DISCRETE-CHANGE VARIABLES

Identifier                                  Average   Half Width  Minimum    Maximum   Final Value
___________________________________________________________________________________________________

Entity 1.WIP                                .02726     (Insuf)    .00000     6.0000     .00000    
Milling Machine.NumberBusy                  .00363     (Insuf)    .00000     2.0000     .00000    
Milling Machine.NumberScheduled             2.0000     (Insuf)    2.0000     2.0000     2.0000    
Milling Machine.Utilization                 .00181     (Insuf)    .00000     1.0000     .00000    
Surface Finishing Machine.NumberBusy        .00627     (Insuf)    .00000     2.0000     .00000    
Surface Finishing Machine.NumberScheduled   2.0000     (Insuf)    2.0000     2.0000     2.0000    
Surface Finishing Machine.Utilization       .00313     (Insuf)    .00000     1.0000     .00000    
Lathe Machine.NumberBusy                    .00731     (Insuf)    .00000     1.0000     .00000    
Lathe Machine.NumberScheduled               1.0000     (Insuf)    1.0000     1.0000     1.0000    
Lathe Machine.Utilization                   .00731     (Insuf)    .00000     1.0000     .00000    
Grinding Machine.NumberBusy                 .00544     (Insuf)    .00000     2.0000     .00000    
Grinding Machine.NumberScheduled            3.0000     (Insuf)    3.0000     3.0000     3.0000    
Grinding Machine.Utilization                .00181     (Insuf)    .00000     .66667     .00000    
Milling.Queue.NumberInQueue                 8.5200E-06 (Insuf)    .00000     1.0000     .00000    
Surface Finsih.Queue.NumberInQueue          2.0223E-04 (Insuf)    .00000     2.0000     .00000    
Grinding.Queue.NumberInQueue                .00000     (Insuf)    .00000     .00000     .00000    
Lathe.Queue.NumberInQueue                   .00440     (Insuf)    .00000     5.0000     .00000    

                                             OUTPUTS

Identifier                                   Value
_____________________________________________________________

Entity 1.NumberIn                           100.00    
Entity 1.NumberOut                          100.00    
Milling Machine.NumberSeized                100.00    
Milling Machine.ScheduledUtilization        .00181    
Surface Finishing Machine.NumberSeized      100.00    
Surface Finishing Machine.ScheduledUtiliza  .00313    
Lathe Machine.NumberSeized                  100.00    
Lathe Machine.ScheduledUtilization          .00731    
Grinding Machine.NumberSeized               100.00    
Grinding Machine.ScheduledUtilization       .00181    
System.NumberOut                            100.00    

Beginning replication 10 of 20

                                      ARENA Simulation Results
                                      iit - License: 2957000990

                                  Summary for Replication 10 of 20

Project: Unnamed Project                                             Run execution date : 1/18/2019
Analyst: iit                                                         Model revision date: 1/18/2019

Replication ended at time      : 2500.0 Hours 
Base Time Units: Hours

                                           TALLY VARIABLES

Identifier                                  Average   Half Width  Minimum    Maximum   Observations
___________________________________________________________________________________________________

Entity 1.VATime                             .61920     (Insuf)    .10079     1.7889        100    
Entity 1.NVATime                            .00000     (Insuf)    .00000     .00000        100    
Entity 1.WaitTime                           .14737     (Insuf)    .00000     1.3632        100    
Entity 1.TranTime                           .00000     (Insuf)    .00000     .00000        100    
Entity 1.OtherTime                          .00000     (Insuf)    .00000     .00000        100    
Entity 1.TotalTime                          .76657     (Insuf)    .10079     1.8864        100    
Milling.Queue.WaitingTime                   6.2382E-05 (Insuf)    .00000     .00624        100    
Surface Finsih.Queue.WaitingTime            .00178     (Insuf)    .00000     .12267        100    
Grinding.Queue.WaitingTime                  6.9303E-04 (Insuf)    .00000     .06930        100    
Lathe.Queue.WaitingTime                     .14483     (Insuf)    .00000     1.3632        100    

                                     DISCRETE-CHANGE VARIABLES

Identifier                                  Average   Half Width  Minimum    Maximum   Final Value
___________________________________________________________________________________________________

Entity 1.WIP                                .03066     (Insuf)    .00000     6.0000     .00000    
Milling Machine.NumberBusy                  .00333     (Insuf)    .00000     2.0000     .00000    
Milling Machine.NumberScheduled             2.0000     (Insuf)    2.0000     2.0000     2.0000    
Milling Machine.Utilization                 .00166     (Insuf)    .00000     1.0000     .00000    
Surface Finishing Machine.NumberBusy        .00662     (Insuf)    .00000     2.0000     .00000    
Surface Finishing Machine.NumberScheduled   2.0000     (Insuf)    2.0000     2.0000     2.0000    
Surface Finishing Machine.Utilization       .00331     (Insuf)    .00000     1.0000     .00000    
Lathe Machine.NumberBusy                    .00816     (Insuf)    .00000     1.0000     .00000    
Lathe Machine.NumberScheduled               1.0000     (Insuf)    1.0000     1.0000     1.0000    
Lathe Machine.Utilization                   .00816     (Insuf)    .00000     1.0000     .00000    
Grinding Machine.NumberBusy                 .00666     (Insuf)    .00000     3.0000     .00000    
Grinding Machine.NumberScheduled            3.0000     (Insuf)    3.0000     3.0000     3.0000    
Grinding Machine.Utilization                .00222     (Insuf)    .00000     1.0000     .00000    
Milling.Queue.NumberInQueue                 2.4953E-06 (Insuf)    .00000     1.0000     .00000    
Surface Finsih.Queue.NumberInQueue          7.1355E-05 (Insuf)    .00000     1.0000     .00000    
Grinding.Queue.NumberInQueue                2.7721E-05 (Insuf)    .00000     1.0000     .00000    
Lathe.Queue.NumberInQueue                   .00579     (Insuf)    .00000     5.0000     .00000    

                                             OUTPUTS

Identifier                                   Value
_____________________________________________________________

Entity 1.NumberIn                           100.00    
Entity 1.NumberOut                          100.00    
Milling Machine.NumberSeized                100.00    
Milling Machine.ScheduledUtilization        .00166    
Surface Finishing Machine.NumberSeized      100.00    
Surface Finishing Machine.ScheduledUtiliza  .00331    
Lathe Machine.NumberSeized                  100.00    
Lathe Machine.ScheduledUtilization          .00816    
Grinding Machine.NumberSeized               100.00    
Grinding Machine.ScheduledUtilization       .00222    
System.NumberOut                            100.00    

Beginning replication 11 of 20

                                      ARENA Simulation Results
                                      iit - License: 2957000990

                                  Summary for Replication 11 of 20

Project: Unnamed Project                                             Run execution date : 1/18/2019
Analyst: iit                                                         Model revision date: 1/18/2019

Replication ended at time      : 2500.0 Hours 
Base Time Units: Hours

                                           TALLY VARIABLES

Identifier                                  Average   Half Width  Minimum    Maximum   Observations
___________________________________________________________________________________________________

Entity 1.VATime                             .60324     (Insuf)    .15472     1.5426        100    
Entity 1.NVATime                            .00000     (Insuf)    .00000     .00000        100    
Entity 1.WaitTime                           .06423     (Insuf)    .00000     .74240        100    
Entity 1.TranTime                           .00000     (Insuf)    .00000     .00000        100    
Entity 1.OtherTime                          .00000     (Insuf)    .00000     .00000        100    
Entity 1.TotalTime                          .66748     (Insuf)    .16345     1.5426        100    
Milling.Queue.WaitingTime                   .00164     (Insuf)    .00000     .12407        100    
Surface Finsih.Queue.WaitingTime            .00190     (Insuf)    .00000     .11157        100    
Grinding.Queue.WaitingTime                  .00000     (Insuf)    .00000     .00000        100    
Lathe.Queue.WaitingTime                     .06070     (Insuf)    .00000     .74240        100    

                                     DISCRETE-CHANGE VARIABLES

Identifier                                  Average   Half Width  Minimum    Maximum   Final Value
___________________________________________________________________________________________________

Entity 1.WIP                                .02670     (Insuf)    .00000     5.0000     .00000    
Milling Machine.NumberBusy                  .00331     (Insuf)    .00000     2.0000     .00000    
Milling Machine.NumberScheduled             2.0000     (Insuf)    2.0000     2.0000     2.0000    
Milling Machine.Utilization                 .00166     (Insuf)    .00000     1.0000     .00000    
Surface Finishing Machine.NumberBusy        .00638     (Insuf)    .00000     2.0000     .00000    
Surface Finishing Machine.NumberScheduled   2.0000     (Insuf)    2.0000     2.0000     2.0000    
Surface Finishing Machine.Utilization       .00319     (Insuf)    .00000     1.0000     .00000    
Lathe Machine.NumberBusy                    .00726     (Insuf)    .00000     1.0000     .00000    
Lathe Machine.NumberScheduled               1.0000     (Insuf)    1.0000     1.0000     1.0000    
Lathe Machine.Utilization                   .00726     (Insuf)    .00000     1.0000     .00000    
Grinding Machine.NumberBusy                 .00718     (Insuf)    .00000     3.0000     .00000    
Grinding Machine.NumberScheduled            3.0000     (Insuf)    3.0000     3.0000     3.0000    
Grinding Machine.Utilization                .00239     (Insuf)    .00000     1.0000     .00000    
Milling.Queue.NumberInQueue                 6.5403E-05 (Insuf)    .00000     1.0000     .00000    
Surface Finsih.Queue.NumberInQueue          7.5926E-05 (Insuf)    .00000     1.0000     .00000    
Grinding.Queue.NumberInQueue                .00000     (Insuf)    .00000     .00000     .00000    
Lathe.Queue.NumberInQueue                   .00243     (Insuf)    .00000     2.0000     .00000    

                                             OUTPUTS

Identifier                                   Value
_____________________________________________________________

Entity 1.NumberIn                           100.00    
Entity 1.NumberOut                          100.00    
Milling Machine.NumberSeized                100.00    
Milling Machine.ScheduledUtilization        .00166    
Surface Finishing Machine.NumberSeized      100.00    
Surface Finishing Machine.ScheduledUtiliza  .00319    
Lathe Machine.NumberSeized                  100.00    
Lathe Machine.ScheduledUtilization          .00726    
Grinding Machine.NumberSeized               100.00    
Grinding Machine.ScheduledUtilization       .00239    
System.NumberOut                            100.00    

Beginning replication 12 of 20

                                      ARENA Simulation Results
                                      iit - License: 2957000990

                                  Summary for Replication 12 of 20

Project: Unnamed Project                                             Run execution date : 1/18/2019
Analyst: iit                                                         Model revision date: 1/18/2019

Replication ended at time      : 2500.0 Hours 
Base Time Units: Hours

                                           TALLY VARIABLES

Identifier                                  Average   Half Width  Minimum    Maximum   Observations
___________________________________________________________________________________________________

Entity 1.VATime                             .60124     (Insuf)    .11807     1.5537        100    
Entity 1.NVATime                            .00000     (Insuf)    .00000     .00000        100    
Entity 1.WaitTime                           .32529     (Insuf)    .00000     1.3879        100    
Entity 1.TranTime                           .00000     (Insuf)    .00000     .00000        100    
Entity 1.OtherTime                          .00000     (Insuf)    .00000     .00000        100    
Entity 1.TotalTime                          .92653     (Insuf)    .11807     2.1887        100    
Milling.Queue.WaitingTime                   5.8274E-04 (Insuf)    .00000     .05827        100    
Surface Finsih.Queue.WaitingTime            .00241     (Insuf)    .00000     .08626        100    
Grinding.Queue.WaitingTime                  .00000     (Insuf)    .00000     .00000        100    
Lathe.Queue.WaitingTime                     .32230     (Insuf)    .00000     1.3346        100    

                                     DISCRETE-CHANGE VARIABLES

Identifier                                  Average   Half Width  Minimum    Maximum   Final Value
___________________________________________________________________________________________________

Entity 1.WIP                                .03706     (Insuf)    .00000     9.0000     .00000    
Milling Machine.NumberBusy                  .00410     (Insuf)    .00000     2.0000     .00000    
Milling Machine.NumberScheduled             2.0000     (Insuf)    2.0000     2.0000     2.0000    
Milling Machine.Utilization                 .00205     (Insuf)    .00000     1.0000     .00000    
Surface Finishing Machine.NumberBusy        .00584     (Insuf)    .00000     2.0000     .00000    
Surface Finishing Machine.NumberScheduled   2.0000     (Insuf)    2.0000     2.0000     2.0000    
Surface Finishing Machine.Utilization       .00292     (Insuf)    .00000     1.0000     .00000    
Lathe Machine.NumberBusy                    .00907     (Insuf)    .00000     1.0000     .00000    
Lathe Machine.NumberScheduled               1.0000     (Insuf)    1.0000     1.0000     1.0000    
Lathe Machine.Utilization                   .00907     (Insuf)    .00000     1.0000     .00000    
Grinding Machine.NumberBusy                 .00504     (Insuf)    .00000     3.0000     .00000    
Grinding Machine.NumberScheduled            3.0000     (Insuf)    3.0000     3.0000     3.0000    
Grinding Machine.Utilization                .00168     (Insuf)    .00000     1.0000     .00000    
Milling.Queue.NumberInQueue                 2.3309E-05 (Insuf)    .00000     1.0000     .00000    
Surface Finsih.Queue.NumberInQueue          9.6235E-05 (Insuf)    .00000     2.0000     .00000    
Grinding.Queue.NumberInQueue                .00000     (Insuf)    .00000     .00000     .00000    
Lathe.Queue.NumberInQueue                   .01289     (Insuf)    .00000     6.0000     .00000    

                                             OUTPUTS

Identifier                                   Value
_____________________________________________________________

Entity 1.NumberIn                           100.00    
Entity 1.NumberOut                          100.00    
Milling Machine.NumberSeized                100.00    
Milling Machine.ScheduledUtilization        .00205    
Surface Finishing Machine.NumberSeized      100.00    
Surface Finishing Machine.ScheduledUtiliza  .00292    
Lathe Machine.NumberSeized                  100.00    
Lathe Machine.ScheduledUtilization          .00907    
Grinding Machine.NumberSeized               100.00    
Grinding Machine.ScheduledUtilization       .00168    
System.NumberOut                            100.00    

Beginning replication 13 of 20

                                      ARENA Simulation Results
                                      iit - License: 2957000990

                                  Summary for Replication 13 of 20

Project: Unnamed Project                                             Run execution date : 1/18/2019
Analyst: iit                                                         Model revision date: 1/18/2019

Replication ended at time      : 2500.0 Hours 
Base Time Units: Hours

                                           TALLY VARIABLES

Identifier                                  Average   Half Width  Minimum    Maximum   Observations
___________________________________________________________________________________________________

Entity 1.VATime                             .61938     (Insuf)    .18315     1.6543        100    
Entity 1.NVATime                            .00000     (Insuf)    .00000     .00000        100    
Entity 1.WaitTime                           .13006     (Insuf)    .00000     1.6265        100    
Entity 1.TranTime                           .00000     (Insuf)    .00000     .00000        100    
Entity 1.OtherTime                          .00000     (Insuf)    .00000     .00000        100    
Entity 1.TotalTime                          .74943     (Insuf)    .18315     2.8311        100    
Milling.Queue.WaitingTime                   1.4663E-04 (Insuf)    .00000     .00795        100    
Surface Finsih.Queue.WaitingTime            .00957     (Insuf)    .00000     .22346        100    
Grinding.Queue.WaitingTime                  .00000     (Insuf)    .00000     .00000        100    
Lathe.Queue.WaitingTime                     .12034     (Insuf)    .00000     1.6265        100    

                                     DISCRETE-CHANGE VARIABLES

Identifier                                  Average   Half Width  Minimum    Maximum   Final Value
___________________________________________________________________________________________________

Entity 1.WIP                                .02998     (Insuf)    .00000     6.0000     .00000    
Milling Machine.NumberBusy                  .00381     (Insuf)    .00000     2.0000     .00000    
Milling Machine.NumberScheduled             2.0000     (Insuf)    2.0000     2.0000     2.0000    
Milling Machine.Utilization                 .00190     (Insuf)    .00000     1.0000     .00000    
Surface Finishing Machine.NumberBusy        .00802     (Insuf)    .00000     2.0000     .00000    
Surface Finishing Machine.NumberScheduled   2.0000     (Insuf)    2.0000     2.0000     2.0000    
Surface Finishing Machine.Utilization       .00401     (Insuf)    .00000     1.0000     .00000    
Lathe Machine.NumberBusy                    .00723     (Insuf)    .00000     1.0000     .00000    
Lathe Machine.NumberScheduled               1.0000     (Insuf)    1.0000     1.0000     1.0000    
Lathe Machine.Utilization                   .00723     (Insuf)    .00000     1.0000     .00000    
Grinding Machine.NumberBusy                 .00571     (Insuf)    .00000     3.0000     .00000    
Grinding Machine.NumberScheduled            3.0000     (Insuf)    3.0000     3.0000     3.0000    
Grinding Machine.Utilization                .00190     (Insuf)    .00000     1.0000     .00000    
Milling.Queue.NumberInQueue                 5.8651E-06 (Insuf)    .00000     1.0000     .00000    
Surface Finsih.Queue.NumberInQueue          3.8292E-04 (Insuf)    .00000     2.0000     .00000    
Grinding.Queue.NumberInQueue                .00000     (Insuf)    .00000     .00000     .00000    
Lathe.Queue.NumberInQueue                   .00481     (Insuf)    .00000     4.0000     .00000    

                                             OUTPUTS

Identifier                                   Value
_____________________________________________________________

Entity 1.NumberIn                           100.00    
Entity 1.NumberOut                          100.00    
Milling Machine.NumberSeized                100.00    
Milling Machine.ScheduledUtilization        .00190    
Surface Finishing Machine.NumberSeized      100.00    
Surface Finishing Machine.ScheduledUtiliza  .00401    
Lathe Machine.NumberSeized                  100.00    
Lathe Machine.ScheduledUtilization          .00723    
Grinding Machine.NumberSeized               100.00    
Grinding Machine.ScheduledUtilization       .00190    
System.NumberOut                            100.00    

Beginning replication 14 of 20

                                      ARENA Simulation Results
                                      iit - License: 2957000990

                                  Summary for Replication 14 of 20

Project: Unnamed Project                                             Run execution date : 1/18/2019
Analyst: iit                                                         Model revision date: 1/18/2019

Replication ended at time      : 2500.0 Hours 
Base Time Units: Hours

                                           TALLY VARIABLES

Identifier                                  Average   Half Width  Minimum    Maximum   Observations
___________________________________________________________________________________________________

Entity 1.VATime                             .58082     (Insuf)    .08852     1.3036        100    
Entity 1.NVATime                            .00000     (Insuf)    .00000     .00000        100    
Entity 1.WaitTime                           .10664     (Insuf)    .00000     .92098        100    
Entity 1.TranTime                           .00000     (Insuf)    .00000     .00000        100    
Entity 1.OtherTime                          .00000     (Insuf)    .00000     .00000        100    
Entity 1.TotalTime                          .68746     (Insuf)    .08852     2.1015        100    
Milling.Queue.WaitingTime                   .00225     (Insuf)    .00000     .08149        100    
Surface Finsih.Queue.WaitingTime            .00335     (Insuf)    .00000     .11963        100    
Grinding.Queue.WaitingTime                  .00000     (Insuf)    .00000     .00000        100    
Lathe.Queue.WaitingTime                     .10103     (Insuf)    .00000     .92098        100    

                                     DISCRETE-CHANGE VARIABLES

Identifier                                  Average   Half Width  Minimum    Maximum   Final Value
___________________________________________________________________________________________________

Entity 1.WIP                                .02750     (Insuf)    .00000     5.0000     .00000    
Milling Machine.NumberBusy                  .00404     (Insuf)    .00000     2.0000     .00000    
Milling Machine.NumberScheduled             2.0000     (Insuf)    2.0000     2.0000     2.0000    
Milling Machine.Utilization                 .00202     (Insuf)    .00000     1.0000     .00000    
Surface Finishing Machine.NumberBusy        .00683     (Insuf)    .00000     2.0000     .00000    
Surface Finishing Machine.NumberScheduled   2.0000     (Insuf)    2.0000     2.0000     2.0000    
Surface Finishing Machine.Utilization       .00342     (Insuf)    .00000     1.0000     .00000    
Lathe Machine.NumberBusy                    .00703     (Insuf)    .00000     1.0000     .00000    
Lathe Machine.NumberScheduled               1.0000     (Insuf)    1.0000     1.0000     1.0000    
Lathe Machine.Utilization                   .00703     (Insuf)    .00000     1.0000     .00000    
Grinding Machine.NumberBusy                 .00532     (Insuf)    .00000     3.0000     .00000    
Grinding Machine.NumberScheduled            3.0000     (Insuf)    3.0000     3.0000     3.0000    
Grinding Machine.Utilization                .00177     (Insuf)    .00000     1.0000     .00000    
Milling.Queue.NumberInQueue                 9.0149E-05 (Insuf)    .00000     1.0000     .00000    
Surface Finsih.Queue.NumberInQueue          1.3419E-04 (Insuf)    .00000     1.0000     .00000    
Grinding.Queue.NumberInQueue                .00000     (Insuf)    .00000     .00000     .00000    
Lathe.Queue.NumberInQueue                   .00404     (Insuf)    .00000     3.0000     .00000    

                                             OUTPUTS

Identifier                                   Value
_____________________________________________________________

Entity 1.NumberIn                           100.00    
Entity 1.NumberOut                          100.00    
Milling Machine.NumberSeized                100.00    
Milling Machine.ScheduledUtilization        .00202    
Surface Finishing Machine.NumberSeized      100.00    
Surface Finishing Machine.ScheduledUtiliza  .00342    
Lathe Machine.NumberSeized                  100.00    
Lathe Machine.ScheduledUtilization          .00703    
Grinding Machine.NumberSeized               100.00    
Grinding Machine.ScheduledUtilization       .00177    
System.NumberOut                            100.00    

Beginning replication 15 of 20

                                      ARENA Simulation Results
                                      iit - License: 2957000990

                                  Summary for Replication 15 of 20

Project: Unnamed Project                                             Run execution date : 1/18/2019
Analyst: iit                                                         Model revision date: 1/18/2019

Replication ended at time      : 2500.0 Hours 
Base Time Units: Hours

                                           TALLY VARIABLES

Identifier                                  Average   Half Width  Minimum    Maximum   Observations
___________________________________________________________________________________________________

Entity 1.VATime                             .60736     (Insuf)    .10936     2.1981        100    
Entity 1.NVATime                            .00000     (Insuf)    .00000     .00000        100    
Entity 1.WaitTime                           .08762     (Insuf)    .00000     .90427        100    
Entity 1.TranTime                           .00000     (Insuf)    .00000     .00000        100    
Entity 1.OtherTime                          .00000     (Insuf)    .00000     .00000        100    
Entity 1.TotalTime                          .69498     (Insuf)    .10936     2.1981        100    
Milling.Queue.WaitingTime                   5.4644E-04 (Insuf)    .00000     .02884        100    
Surface Finsih.Queue.WaitingTime            .00000     (Insuf)    .00000     .00000        100    
Grinding.Queue.WaitingTime                  4.0860E-04 (Insuf)    .00000     .04086        100    
Lathe.Queue.WaitingTime                     .08666     (Insuf)    .00000     .90427        100    

                                     DISCRETE-CHANGE VARIABLES

Identifier                                  Average   Half Width  Minimum    Maximum   Final Value
___________________________________________________________________________________________________

Entity 1.WIP                                .02780     (Insuf)    .00000     4.0000     .00000    
Milling Machine.NumberBusy                  .00369     (Insuf)    .00000     2.0000     .00000    
Milling Machine.NumberScheduled             2.0000     (Insuf)    2.0000     2.0000     2.0000    
Milling Machine.Utilization                 .00184     (Insuf)    .00000     1.0000     .00000    
Surface Finishing Machine.NumberBusy        .00598     (Insuf)    .00000     2.0000     .00000    
Surface Finishing Machine.NumberScheduled   2.0000     (Insuf)    2.0000     2.0000     2.0000    
Surface Finishing Machine.Utilization       .00299     (Insuf)    .00000     1.0000     .00000    
Lathe Machine.NumberBusy                    .00831     (Insuf)    .00000     1.0000     .00000    
Lathe Machine.NumberScheduled               1.0000     (Insuf)    1.0000     1.0000     1.0000    
Lathe Machine.Utilization                   .00831     (Insuf)    .00000     1.0000     .00000    
Grinding Machine.NumberBusy                 .00632     (Insuf)    .00000     3.0000     .00000    
Grinding Machine.NumberScheduled            3.0000     (Insuf)    3.0000     3.0000     3.0000    
Grinding Machine.Utilization                .00211     (Insuf)    .00000     1.0000     .00000    
Milling.Queue.NumberInQueue                 2.1858E-05 (Insuf)    .00000     1.0000     .00000    
Surface Finsih.Queue.NumberInQueue          .00000     (Insuf)    .00000     .00000     .00000    
Grinding.Queue.NumberInQueue                1.6344E-05 (Insuf)    .00000     1.0000     .00000    
Lathe.Queue.NumberInQueue                   .00347     (Insuf)    .00000     3.0000     .00000    

                                             OUTPUTS

Identifier                                   Value
_____________________________________________________________

Entity 1.NumberIn                           100.00    
Entity 1.NumberOut                          100.00    
Milling Machine.NumberSeized                100.00    
Milling Machine.ScheduledUtilization        .00184    
Surface Finishing Machine.NumberSeized      100.00    
Surface Finishing Machine.ScheduledUtiliza  .00299    
Lathe Machine.NumberSeized                  100.00    
Lathe Machine.ScheduledUtilization          .00831    
Grinding Machine.NumberSeized               100.00    
Grinding Machine.ScheduledUtilization       .00211    
System.NumberOut                            100.00    

Beginning replication 16 of 20

                                      ARENA Simulation Results
                                      iit - License: 2957000990

                                  Summary for Replication 16 of 20

Project: Unnamed Project                                             Run execution date : 1/18/2019
Analyst: iit                                                         Model revision date: 1/18/2019

Replication ended at time      : 2500.0 Hours 
Base Time Units: Hours

                                           TALLY VARIABLES

Identifier                                  Average   Half Width  Minimum    Maximum   Observations
___________________________________________________________________________________________________

Entity 1.VATime                             .64020     (Insuf)    .17348     1.7864        100    
Entity 1.NVATime                            .00000     (Insuf)    .00000     .00000        100    
Entity 1.WaitTime                           .12331     (Insuf)    .00000     1.2783        100    
Entity 1.TranTime                           .00000     (Insuf)    .00000     .00000        100    
Entity 1.OtherTime                          .00000     (Insuf)    .00000     .00000        100    
Entity 1.TotalTime                          .76351     (Insuf)    .19146     1.9243        100    
Milling.Queue.WaitingTime                   8.3390E-04 (Insuf)    .00000     .07664        100    
Surface Finsih.Queue.WaitingTime            .01072     (Insuf)    .00000     .42880        100    
Grinding.Queue.WaitingTime                  .00000     (Insuf)    .00000     .00000        100    
Lathe.Queue.WaitingTime                     .11175     (Insuf)    .00000     1.2727        100    

                                     DISCRETE-CHANGE VARIABLES

Identifier                                  Average   Half Width  Minimum    Maximum   Final Value
___________________________________________________________________________________________________

Entity 1.WIP                                .03054     (Insuf)    .00000     7.0000     .00000    
Milling Machine.NumberBusy                  .00421     (Insuf)    .00000     2.0000     .00000    
Milling Machine.NumberScheduled             2.0000     (Insuf)    2.0000     2.0000     2.0000    
Milling Machine.Utilization                 .00211     (Insuf)    .00000     1.0000     .00000    
Surface Finishing Machine.NumberBusy        .00677     (Insuf)    .00000     2.0000     .00000    
Surface Finishing Machine.NumberScheduled   2.0000     (Insuf)    2.0000     2.0000     2.0000    
Surface Finishing Machine.Utilization       .00338     (Insuf)    .00000     1.0000     .00000    
Lathe Machine.NumberBusy                    .00809     (Insuf)    .00000     1.0000     .00000    
Lathe Machine.NumberScheduled               1.0000     (Insuf)    1.0000     1.0000     1.0000    
Lathe Machine.Utilization                   .00809     (Insuf)    .00000     1.0000     .00000    
Grinding Machine.NumberBusy                 .00654     (Insuf)    .00000     3.0000     .00000    
Grinding Machine.NumberScheduled            3.0000     (Insuf)    3.0000     3.0000     3.0000    
Grinding Machine.Utilization                .00218     (Insuf)    .00000     1.0000     .00000    
Milling.Queue.NumberInQueue                 3.3356E-05 (Insuf)    .00000     1.0000     .00000    
Surface Finsih.Queue.NumberInQueue          4.2880E-04 (Insuf)    .00000     2.0000     .00000    
Grinding.Queue.NumberInQueue                .00000     (Insuf)    .00000     .00000     .00000    
Lathe.Queue.NumberInQueue                   .00447     (Insuf)    .00000     4.0000     .00000    

                                             OUTPUTS

Identifier                                   Value
_____________________________________________________________

Entity 1.NumberIn                           100.00    
Entity 1.NumberOut                          100.00    
Milling Machine.NumberSeized                100.00    
Milling Machine.ScheduledUtilization        .00211    
Surface Finishing Machine.NumberSeized      100.00    
Surface Finishing Machine.ScheduledUtiliza  .00338    
Lathe Machine.NumberSeized                  100.00    
Lathe Machine.ScheduledUtilization          .00809    
Grinding Machine.NumberSeized               100.00    
Grinding Machine.ScheduledUtilization       .00218    
System.NumberOut                            100.00    

Beginning replication 17 of 20

                                      ARENA Simulation Results
                                      iit - License: 2957000990

                                  Summary for Replication 17 of 20

Project: Unnamed Project                                             Run execution date : 1/18/2019
Analyst: iit                                                         Model revision date: 1/18/2019

Replication ended at time      : 2500.0 Hours 
Base Time Units: Hours

                                           TALLY VARIABLES

Identifier                                  Average   Half Width  Minimum    Maximum   Observations
___________________________________________________________________________________________________

Entity 1.VATime                             .65630     (Insuf)    .10632     1.6151        100    
Entity 1.NVATime                            .00000     (Insuf)    .00000     .00000        100    
Entity 1.WaitTime                           .20844     (Insuf)    .00000     2.3352        100    
Entity 1.TranTime                           .00000     (Insuf)    .00000     .00000        100    
Entity 1.OtherTime                          .00000     (Insuf)    .00000     .00000        100    
Entity 1.TotalTime                          .86474     (Insuf)    .10632     3.1580        100    
Milling.Queue.WaitingTime                   .00000     (Insuf)    .00000     .00000        100    
Surface Finsih.Queue.WaitingTime            .00817     (Insuf)    .00000     .44955        100    
Grinding.Queue.WaitingTime                  .00000     (Insuf)    .00000     .00000        100    
Lathe.Queue.WaitingTime                     .20027     (Insuf)    .00000     2.3352        100    

                                     DISCRETE-CHANGE VARIABLES

Identifier                                  Average   Half Width  Minimum    Maximum   Final Value
___________________________________________________________________________________________________

Entity 1.WIP                                .03459     (Insuf)    .00000     8.0000     .00000    
Milling Machine.NumberBusy                  .00413     (Insuf)    .00000     2.0000     .00000    
Milling Machine.NumberScheduled             2.0000     (Insuf)    2.0000     2.0000     2.0000    
Milling Machine.Utilization                 .00207     (Insuf)    .00000     1.0000     .00000    
Surface Finishing Machine.NumberBusy        .00699     (Insuf)    .00000     2.0000     .00000    
Surface Finishing Machine.NumberScheduled   2.0000     (Insuf)    2.0000     2.0000     2.0000    
Surface Finishing Machine.Utilization       .00349     (Insuf)    .00000     1.0000     .00000    
Lathe Machine.NumberBusy                    .00782     (Insuf)    .00000     1.0000     .00000    
Lathe Machine.NumberScheduled               1.0000     (Insuf)    1.0000     1.0000     1.0000    
Lathe Machine.Utilization                   .00782     (Insuf)    .00000     1.0000     .00000    
Grinding Machine.NumberBusy                 .00731     (Insuf)    .00000     3.0000     .00000    
Grinding Machine.NumberScheduled            3.0000     (Insuf)    3.0000     3.0000     3.0000    
Grinding Machine.Utilization                .00244     (Insuf)    .00000     1.0000     .00000    
Milling.Queue.NumberInQueue                 .00000     (Insuf)    .00000     .00000     .00000    
Surface Finsih.Queue.NumberInQueue          3.2677E-04 (Insuf)    .00000     2.0000     .00000    
Grinding.Queue.NumberInQueue                .00000     (Insuf)    .00000     .00000     .00000    
Lathe.Queue.NumberInQueue                   .00801     (Insuf)    .00000     5.0000     .00000    

                                             OUTPUTS

Identifier                                   Value
_____________________________________________________________

Entity 1.NumberIn                           100.00    
Entity 1.NumberOut                          100.00    
Milling Machine.NumberSeized                100.00    
Milling Machine.ScheduledUtilization        .00207    
Surface Finishing Machine.NumberSeized      100.00    
Surface Finishing Machine.ScheduledUtiliza  .00349    
Lathe Machine.NumberSeized                  100.00    
Lathe Machine.ScheduledUtilization          .00782    
Grinding Machine.NumberSeized               100.00    
Grinding Machine.ScheduledUtilization       .00244    
System.NumberOut                            100.00    

Beginning replication 18 of 20

                                      ARENA Simulation Results
                                      iit - License: 2957000990

                                  Summary for Replication 18 of 20

Project: Unnamed Project                                             Run execution date : 1/18/2019
Analyst: iit                                                         Model revision date: 1/18/2019

Replication ended at time      : 2500.0 Hours 
Base Time Units: Hours

                                           TALLY VARIABLES

Identifier                                  Average   Half Width  Minimum    Maximum   Observations
___________________________________________________________________________________________________

Entity 1.VATime                             .61969     (Insuf)    .06196     2.1687        100    
Entity 1.NVATime                            .00000     (Insuf)    .00000     .00000        100    
Entity 1.WaitTime                           .08850     (Insuf)    .00000     .87708        100    
Entity 1.TranTime                           .00000     (Insuf)    .00000     .00000        100    
Entity 1.OtherTime                          .00000     (Insuf)    .00000     .00000        100    
Entity 1.TotalTime                          .70819     (Insuf)    .06196     2.3632        100    
Milling.Queue.WaitingTime                   4.1149E-04 (Insuf)    .00000     .02548        100    
Surface Finsih.Queue.WaitingTime            .00252     (Insuf)    .00000     .14183        100    
Grinding.Queue.WaitingTime                  .00000     (Insuf)    .00000     .00000        100    
Lathe.Queue.WaitingTime                     .08557     (Insuf)    .00000     .87708        100    

                                     DISCRETE-CHANGE VARIABLES

Identifier                                  Average   Half Width  Minimum    Maximum   Final Value
___________________________________________________________________________________________________

Entity 1.WIP                                .02833     (Insuf)    .00000     5.0000     .00000    
Milling Machine.NumberBusy                  .00383     (Insuf)    .00000     2.0000     .00000    
Milling Machine.NumberScheduled             2.0000     (Insuf)    2.0000     2.0000     2.0000    
Milling Machine.Utilization                 .00192     (Insuf)    .00000     1.0000     .00000    
Surface Finishing Machine.NumberBusy        .00715     (Insuf)    .00000     2.0000     .00000    
Surface Finishing Machine.NumberScheduled   2.0000     (Insuf)    2.0000     2.0000     2.0000    
Surface Finishing Machine.Utilization       .00358     (Insuf)    .00000     1.0000     .00000    
Lathe Machine.NumberBusy                    .00777     (Insuf)    .00000     1.0000     .00000    
Lathe Machine.NumberScheduled               1.0000     (Insuf)    1.0000     1.0000     1.0000    
Lathe Machine.Utilization                   .00777     (Insuf)    .00000     1.0000     .00000    
Grinding Machine.NumberBusy                 .00604     (Insuf)    .00000     3.0000     .00000    
Grinding Machine.NumberScheduled            3.0000     (Insuf)    3.0000     3.0000     3.0000    
Grinding Machine.Utilization                .00201     (Insuf)    .00000     1.0000     .00000    
Milling.Queue.NumberInQueue                 1.6459E-05 (Insuf)    .00000     1.0000     .00000    
Surface Finsih.Queue.NumberInQueue          1.0085E-04 (Insuf)    .00000     1.0000     .00000    
Grinding.Queue.NumberInQueue                .00000     (Insuf)    .00000     .00000     .00000    
Lathe.Queue.NumberInQueue                   .00342     (Insuf)    .00000     4.0000     .00000    

                                             OUTPUTS

Identifier                                   Value
_____________________________________________________________

Entity 1.NumberIn                           100.00    
Entity 1.NumberOut                          100.00    
Milling Machine.NumberSeized                100.00    
Milling Machine.ScheduledUtilization        .00192    
Surface Finishing Machine.NumberSeized      100.00    
Surface Finishing Machine.ScheduledUtiliza  .00358    
Lathe Machine.NumberSeized                  100.00    
Lathe Machine.ScheduledUtilization          .00777    
Grinding Machine.NumberSeized               100.00    
Grinding Machine.ScheduledUtilization       .00201    
System.NumberOut                            100.00    

Beginning replication 19 of 20

                                      ARENA Simulation Results
                                      iit - License: 2957000990

                                  Summary for Replication 19 of 20

Project: Unnamed Project                                             Run execution date : 1/18/2019
Analyst: iit                                                         Model revision date: 1/18/2019

Replication ended at time      : 2500.0 Hours 
Base Time Units: Hours

                                           TALLY VARIABLES

Identifier                                  Average   Half Width  Minimum    Maximum   Observations
___________________________________________________________________________________________________

Entity 1.VATime                             .63631     (Insuf)    .15160     1.7002        100    
Entity 1.NVATime                            .00000     (Insuf)    .00000     .00000        100    
Entity 1.WaitTime                           .06626     (Insuf)    .00000     .62172        100    
Entity 1.TranTime                           .00000     (Insuf)    .00000     .00000        100    
Entity 1.OtherTime                          .00000     (Insuf)    .00000     .00000        100    
Entity 1.TotalTime                          .70256     (Insuf)    .15160     1.9356        100    
Milling.Queue.WaitingTime                   5.9636E-04 (Insuf)    .00000     .03712        100    
Surface Finsih.Queue.WaitingTime            .00340     (Insuf)    .00000     .12996        100    
Grinding.Queue.WaitingTime                  2.1694E-04 (Insuf)    .00000     .02169        100    
Lathe.Queue.WaitingTime                     .06205     (Insuf)    .00000     .62172        100    

                                     DISCRETE-CHANGE VARIABLES

Identifier                                  Average   Half Width  Minimum    Maximum   Final Value
___________________________________________________________________________________________________

Entity 1.WIP                                .02810     (Insuf)    .00000     6.0000     .00000    
Milling Machine.NumberBusy                  .00482     (Insuf)    .00000     2.0000     .00000    
Milling Machine.NumberScheduled             2.0000     (Insuf)    2.0000     2.0000     2.0000    
Milling Machine.Utilization                 .00241     (Insuf)    .00000     1.0000     .00000    
Surface Finishing Machine.NumberBusy        .00672     (Insuf)    .00000     2.0000     .00000    
Surface Finishing Machine.NumberScheduled   2.0000     (Insuf)    2.0000     2.0000     2.0000    
Surface Finishing Machine.Utilization       .00336     (Insuf)    .00000     1.0000     .00000    
Lathe Machine.NumberBusy                    .00685     (Insuf)    .00000     1.0000     .00000    
Lathe Machine.NumberScheduled               1.0000     (Insuf)    1.0000     1.0000     1.0000    
Lathe Machine.Utilization                   .00685     (Insuf)    .00000     1.0000     .00000    
Grinding Machine.NumberBusy                 .00706     (Insuf)    .00000     3.0000     .00000    
Grinding Machine.NumberScheduled            3.0000     (Insuf)    3.0000     3.0000     3.0000    
Grinding Machine.Utilization                .00235     (Insuf)    .00000     1.0000     .00000    
Milling.Queue.NumberInQueue                 2.3854E-05 (Insuf)    .00000     1.0000     .00000    
Surface Finsih.Queue.NumberInQueue          1.3592E-04 (Insuf)    .00000     1.0000     .00000    
Grinding.Queue.NumberInQueue                8.6775E-06 (Insuf)    .00000     1.0000     .00000    
Lathe.Queue.NumberInQueue                   .00248     (Insuf)    .00000     3.0000     .00000    

                                             OUTPUTS

Identifier                                   Value
_____________________________________________________________

Entity 1.NumberIn                           100.00    
Entity 1.NumberOut                          100.00    
Milling Machine.NumberSeized                100.00    
Milling Machine.ScheduledUtilization        .00241    
Surface Finishing Machine.NumberSeized      100.00    
Surface Finishing Machine.ScheduledUtiliza  .00336    
Lathe Machine.NumberSeized                  100.00    
Lathe Machine.ScheduledUtilization          .00685    
Grinding Machine.NumberSeized               100.00    
Grinding Machine.ScheduledUtilization       .00235    
System.NumberOut                            100.00    

Beginning replication 20 of 20

                                      ARENA Simulation Results
                                      iit - License: 2957000990

                                  Summary for Replication 20 of 20

Project: Unnamed Project                                             Run execution date : 1/18/2019
Analyst: iit                                                         Model revision date: 1/18/2019

Replication ended at time      : 2500.0 Hours 
Base Time Units: Hours

                                           TALLY VARIABLES

Identifier                                  Average   Half Width  Minimum    Maximum   Observations
___________________________________________________________________________________________________

Entity 1.VATime                             .60501     (Insuf)    .16928     1.2024        100    
Entity 1.NVATime                            .00000     (Insuf)    .00000     .00000        100    
Entity 1.WaitTime                           .13946     (Insuf)    .00000     1.0362        100    
Entity 1.TranTime                           .00000     (Insuf)    .00000     .00000        100    
Entity 1.OtherTime                          .00000     (Insuf)    .00000     .00000        100    
Entity 1.TotalTime                          .74447     (Insuf)    .16928     1.5910        100    
Milling.Queue.WaitingTime                   .00127     (Insuf)    .00000     .08492        100    
Surface Finsih.Queue.WaitingTime            .00226     (Insuf)    .00000     .14589        100    
Grinding.Queue.WaitingTime                  .00000     (Insuf)    .00000     .00000        100    
Lathe.Queue.WaitingTime                     .13593     (Insuf)    .00000     1.0362        100    

                                     DISCRETE-CHANGE VARIABLES

Identifier                                  Average   Half Width  Minimum    Maximum   Final Value
___________________________________________________________________________________________________

Entity 1.WIP                                .02978     (Insuf)    .00000     5.0000     .00000    
Milling Machine.NumberBusy                  .00456     (Insuf)    .00000     2.0000     .00000    
Milling Machine.NumberScheduled             2.0000     (Insuf)    2.0000     2.0000     2.0000    
Milling Machine.Utilization                 .00228     (Insuf)    .00000     1.0000     .00000    
Surface Finishing Machine.NumberBusy        .00623     (Insuf)    .00000     2.0000     .00000    
Surface Finishing Machine.NumberScheduled   2.0000     (Insuf)    2.0000     2.0000     2.0000    
Surface Finishing Machine.Utilization       .00311     (Insuf)    .00000     1.0000     .00000    
Lathe Machine.NumberBusy                    .00807     (Insuf)    .00000     1.0000     .00000    
Lathe Machine.NumberScheduled               1.0000     (Insuf)    1.0000     1.0000     1.0000    
Lathe Machine.Utilization                   .00807     (Insuf)    .00000     1.0000     .00000    
Grinding Machine.NumberBusy                 .00534     (Insuf)    .00000     3.0000     .00000    
Grinding Machine.NumberScheduled            3.0000     (Insuf)    3.0000     3.0000     3.0000    
Grinding Machine.Utilization                .00178     (Insuf)    .00000     1.0000     .00000    
Milling.Queue.NumberInQueue                 5.0914E-05 (Insuf)    .00000     1.0000     .00000    
Surface Finsih.Queue.NumberInQueue          9.0307E-05 (Insuf)    .00000     1.0000     .00000    
Grinding.Queue.NumberInQueue                .00000     (Insuf)    .00000     .00000     .00000    
Lathe.Queue.NumberInQueue                   .00544     (Insuf)    .00000     3.0000     .00000    

                                             OUTPUTS

Identifier                                   Value
_____________________________________________________________

Entity 1.NumberIn                           100.00    
Entity 1.NumberOut                          100.00    
Milling Machine.NumberSeized                100.00    
Milling Machine.ScheduledUtilization        .00228    
Surface Finishing Machine.NumberSeized      100.00    
Surface Finishing Machine.ScheduledUtiliza  .00311    
Lathe Machine.NumberSeized                  100.00    
Lathe Machine.ScheduledUtilization          .00807    
Grinding Machine.NumberSeized               100.00    
Grinding Machine.ScheduledUtilization       .00178    
System.NumberOut                            100.00    


                                      ARENA Simulation Results
                                      iit - License: 2957000990

                                 Output Summary for 20 Replications

Project: Unnamed Project                                             Run execution date : 1/18/2019
Analyst: iit                                                         Model revision date: 1/18/2019


                                             OUTPUTS

Identifier                                 Average    Half-width Minimum    Maximum # Replications
___________________________________________________________________________________________________

Entity 1.NumberIn                           100.00     .00000     100.00     100.00     20
Entity 1.NumberOut                          100.00     .00000     100.00     100.00     20
Milling Machine.NumberSeized                100.00     .00000     100.00     100.00     20
Milling Machine.ScheduledUtilization        .00200     1.0097E-04 .00166     .00241     20
Surface Finishing Machine.NumberSeized      100.00     .00000     100.00     100.00     20
Surface Finishing Machine.ScheduledUtiliza  .00325     1.4086E-04 .00261     .00401     20
Lathe Machine.NumberSeized                  100.00     .00000     100.00     100.00     20
Lathe Machine.ScheduledUtilization          .00781     3.7358E-04 .00655     .00977     20
Grinding Machine.NumberSeized               100.00     .00000     100.00     100.00     20
Grinding Machine.ScheduledUtilization       .00201     1.1824E-04 .00168     .00244     20
System.NumberOut                            100.00     .00000     100.00     100.00     20

Simulation run time: 0.40 minutes.
Simulation run complete.
